生成启动时间为 2014/10/14 15:30:45。
     1>项目“D:\用户目录\我的文档\Visual Studio 2010\Projects\FishVideo\yingjiema\yingjiema\yingjiema.vcxproj”在节点 2 上(build 个目标)。
     1>InitializeBuildStatus:
         正在创建“Debug\yingjiema.unsuccessfulbuild”，因为已指定“AlwaysCreate”。
       ClCompile:
         所有输出均为最新。
         D:\Program Files (x86)\Microsoft Visual Studio 10.0\VC\bin\CL.exe /c /ZI /nologo /W3 /WX- /Od /Oy- /D WIN32 /D _DEBUG /D _CONSOLE /D _MBCS /Gm /EHsc /RTC1 /MDd /GS /fp:precise /Zc:wchar_t /Zc:forScope /openmp /Yu"StdAfx.h" /Fp"Debug\yingjiema.pch" /Fo"Debug\\" /Fd"Debug\vc100.pdb" /Gd /TP /analyze- /errorReport:prompt yingjiema.cpp
         yingjiema.cpp
       ManifestResourceCompile:
         所有输出均为最新。
       Link:
         D:\Program Files (x86)\Microsoft Visual Studio 10.0\VC\bin\link.exe /ERRORREPORT:PROMPT /OUT:"D:\用户目录\我的文档\Visual Studio 2010\Projects\FishVideo\yingjiema\Debug\yingjiema.exe" /INCREMENTAL /NOLOGO opencv_calib3d247d.lib opencv_contrib247d.lib opencv_core247d.lib opencv_features2d247d.lib opencv_flann247d.lib opencv_gpu247d.lib opencv_highgui247d.lib opencv_imgproc247d.lib opencv_legacy247d.lib opencv_ml247d.lib opencv_objdetect247d.lib opencv_ts247d.lib opencv_video247d.lib kernel32.lib user32.lib gdi32.lib winspool.lib comdlg32.lib advapi32.lib shell32.lib ole32.lib oleaut32.lib uuid.lib odbc32.lib odbccp32.lib /MANIFEST /ManifestFile:"Debug\yingjiema.exe.intermediate.manifest" /MANIFESTUAC:"level='asInvoker' uiAccess='false'" /DEBUG /PDB:"D:\用户目录\我的文档\Visual Studio 2010\Projects\FishVideo\yingjiema\Debug\yingjiema.pdb" /SUBSYSTEM:CONSOLE /TLBID:1 /DYNAMICBASE /NXCOMPAT /IMPLIB:"D:\用户目录\我的文档\Visual Studio 2010\Projects\FishVideo\yingjiema\Debug\yingjiema.lib" /MACHINE:X86 Debug\yingjiema.exe.embed.manifest.res
         Debug\stdafx.obj
         Debug\yingjiema.obj
       Manifest:
         C:\Program Files (x86)\Microsoft SDKs\Windows\v7.0A\bin\mt.exe /nologo /verbose /out:"Debug\yingjiema.exe.embed.manifest" /manifest Debug\yingjiema.exe.intermediate.manifest
         所有输出均为最新。
       LinkEmbedManifest:
         所有输出均为最新。
         yingjiema.vcxproj -> D:\用户目录\我的文档\Visual Studio 2010\Projects\FishVideo\yingjiema\Debug\yingjiema.exe
       FinalizeBuildStatus:
         正在删除文件“Debug\yingjiema.unsuccessfulbuild”。
         正在对“Debug\yingjiema.lastbuildstate”执行 Touch 任务。
     1>已完成生成项目“D:\用户目录\我的文档\Visual Studio 2010\Projects\FishVideo\yingjiema\yingjiema\yingjiema.vcxproj”(build 个目标)的操作。

生成成功。

已用时间 00:00:02.08
