D:\用户目录\我的文档\Visual Studio 2010\Projects\FishVideo\FishVideo\Release\cl.command.1.tlog
D:\用户目录\我的文档\Visual Studio 2010\Projects\FishVideo\FishVideo\Release\CL.read.1.tlog
D:\用户目录\我的文档\Visual Studio 2010\Projects\FishVideo\FishVideo\Release\CL.write.1.tlog
D:\用户目录\我的文档\VISUAL STUDIO 2010\PROJECTS\FISHVIDEO\FISHVIDEO\RELEASE\CVVIMAGE.OBJ
D:\用户目录\我的文档\VISUAL STUDIO 2010\PROJECTS\FISHVIDEO\FISHVIDEO\RELEASE\FISHEYEIMGCORRECTION.OBJ
D:\用户目录\我的文档\VISUAL STUDIO 2010\PROJECTS\FISHVIDEO\FISHVIDEO\RELEASE\FISHVIDEO.EXE.INTERMEDIATE.MANIFEST
D:\用户目录\我的文档\VISUAL STUDIO 2010\PROJECTS\FISHVIDEO\FISHVIDEO\RELEASE\FISHVIDEO.OBJ
D:\用户目录\我的文档\VISUAL STUDIO 2010\PROJECTS\FISHVIDEO\FISHVIDEO\RELEASE\FISHVIDEO.PCH
D:\用户目录\我的文档\VISUAL STUDIO 2010\PROJECTS\FISHVIDEO\FISHVIDEO\RELEASE\FISHVIDEO.RES
D:\用户目录\我的文档\VISUAL STUDIO 2010\PROJECTS\FISHVIDEO\FISHVIDEO\RELEASE\FISHVIDEODLG.OBJ
D:\用户目录\我的文档\Visual Studio 2010\Projects\FishVideo\FishVideo\Release\link.command.1.tlog
D:\用户目录\我的文档\Visual Studio 2010\Projects\FishVideo\FishVideo\Release\link.read.1.tlog
D:\用户目录\我的文档\Visual Studio 2010\Projects\FishVideo\FishVideo\Release\link.write.1.tlog
D:\用户目录\我的文档\Visual Studio 2010\Projects\FishVideo\FishVideo\Release\link-cvtres.read.1.tlog
D:\用户目录\我的文档\Visual Studio 2010\Projects\FishVideo\FishVideo\Release\link-cvtres.write.1.tlog
D:\用户目录\我的文档\Visual Studio 2010\Projects\FishVideo\FishVideo\Release\mt.command.1.tlog
D:\用户目录\我的文档\Visual Studio 2010\Projects\FishVideo\FishVideo\Release\mt.read.1.tlog
D:\用户目录\我的文档\Visual Studio 2010\Projects\FishVideo\FishVideo\Release\mt.write.1.tlog
D:\用户目录\我的文档\Visual Studio 2010\Projects\FishVideo\FishVideo\Release\rc.command.1.tlog
D:\用户目录\我的文档\Visual Studio 2010\Projects\FishVideo\FishVideo\Release\rc.read.1.tlog
D:\用户目录\我的文档\Visual Studio 2010\Projects\FishVideo\FishVideo\Release\rc.write.1.tlog
D:\用户目录\我的文档\VISUAL STUDIO 2010\PROJECTS\FISHVIDEO\FISHVIDEO\RELEASE\SCANNINGMETHOD.OBJ
D:\用户目录\我的文档\VISUAL STUDIO 2010\PROJECTS\FISHVIDEO\FISHVIDEO\RELEASE\STDAFX.OBJ
D:\用户目录\我的文档\VISUAL STUDIO 2010\PROJECTS\FISHVIDEO\FISHVIDEO\RELEASE\VC100.PDB
D:\用户目录\我的文档\VISUAL STUDIO 2010\PROJECTS\FISHVIDEO\RELEASE\FISHVIDEO.EXE
D:\用户目录\我的文档\VISUAL STUDIO 2010\PROJECTS\FISHVIDEO\RELEASE\FISHVIDEO.PDB
