生成启动时间为 2014/9/22 14:41:25。
     1>项目“D:\用户目录\我的文档\Visual Studio 2010\Projects\FishVideo\FisheyeVideoWarp\FisheyeVideoWarp\FisheyeVideoWarp.vcxproj”在节点 2 上(build 个目标)。
     1>InitializeBuildStatus:
         正在创建“Debug\FisheyeVideoWarp.unsuccessfulbuild”，因为已指定“AlwaysCreate”。
       ClCompile:
         所有输出均为最新。
         D:\Program Files (x86)\Microsoft Visual Studio 10.0\VC\bin\CL.exe /c /ZI /nologo /W3 /WX- /Od /Oy- /D WIN32 /D _WINDOWS /D _DEBUG /D _MBCS /D _AFXDLL /Gm /EHsc /RTC1 /MDd /GS /fp:precise /Zc:wchar_t /Zc:forScope /Yu"StdAfx.h" /Fp"Debug\FisheyeVideoWarp.pch" /Fo"Debug\\" /Fd"Debug\vc100.pdb" /Gd /TP /analyze- /errorReport:prompt ImgWarp.cpp
         ImgWarp.cpp
     1>d:\opencv\opencv\build\include\opencv2\flann\logger.h(66): warning C4996: 'fopen': This function or variable may be unsafe. Consider using fopen_s instead. To disable deprecation, use _CRT_SECURE_NO_WARNINGS. See online help for details.
                 d:\program files (x86)\microsoft visual studio 10.0\vc\include\stdio.h(234) : 参见“fopen”的声明
     1>d:\用户目录\我的文档\visual studio 2010\projects\fishvideo\fisheyevideowarp\fisheyevideowarp\imgwarp.cpp(91): warning C4244: “初始化”: 从“double”转换到“const uint”，可能丢失数据
     1>d:\用户目录\我的文档\visual studio 2010\projects\fishvideo\fisheyevideowarp\fisheyevideowarp\imgwarp.cpp(92): warning C4244: “初始化”: 从“double”转换到“const uint”，可能丢失数据
     1>d:\用户目录\我的文档\visual studio 2010\projects\fishvideo\fisheyevideowarp\fisheyevideowarp\imgwarp.cpp(106): warning C4244: “初始化”: 从“double”转换到“uint”，可能丢失数据
     1>d:\用户目录\我的文档\visual studio 2010\projects\fishvideo\fisheyevideowarp\fisheyevideowarp\imgwarp.cpp(107): warning C4244: “初始化”: 从“double”转换到“uint”，可能丢失数据
       ResourceCompile:
         所有输出均为最新。
       ManifestResourceCompile:
         所有输出均为最新。
       Link:
         D:\Program Files (x86)\Microsoft Visual Studio 10.0\VC\bin\link.exe /ERRORREPORT:PROMPT /OUT:"D:\用户目录\我的文档\Visual Studio 2010\Projects\FishVideo\FisheyeVideoWarp\Debug\FisheyeVideoWarp.exe" /INCREMENTAL /NOLOGO opencv_calib3d247d.lib opencv_contrib247d.lib opencv_core247d.lib opencv_features2d247d.lib opencv_flann247d.lib opencv_gpu247d.lib opencv_highgui247d.lib opencv_imgproc247d.lib opencv_legacy247d.lib opencv_ml247d.lib opencv_nonfree247d.lib opencv_objdetect247d.lib opencv_ts247d.lib opencv_video247d.lib opencv_ocl247d.lib opencv_photo247d.lib opencv_stitching247d.lib opencv_videostab247d.lib /MANIFEST /ManifestFile:"Debug\FisheyeVideoWarp.exe.intermediate.manifest" /MANIFESTUAC:"level='asInvoker' uiAccess='false'" /DEBUG /PDB:"D:\用户目录\我的文档\Visual Studio 2010\Projects\FishVideo\FisheyeVideoWarp\Debug\FisheyeVideoWarp.pdb" /SUBSYSTEM:WINDOWS /TLBID:1 /DYNAMICBASE /NXCOMPAT /IMPLIB:"D:\用户目录\我的文档\Visual Studio 2010\Projects\FishVideo\FisheyeVideoWarp\Debug\FisheyeVideoWarp.lib" /MACHINE:X86 Debug\FisheyeVideoWarp.res
         Debug\FisheyeVideoWarp.exe.embed.manifest.res
         Debug\CvvImage.obj
         Debug\FisheyeVideoWarp.obj
         Debug\FisheyeVideoWarpDlg.obj
         Debug\ImgWarp.obj
         Debug\stdafx.obj
       Manifest:
         C:\Program Files (x86)\Microsoft SDKs\Windows\v7.0A\bin\mt.exe /nologo /verbose /out:"Debug\FisheyeVideoWarp.exe.embed.manifest" /manifest Debug\FisheyeVideoWarp.exe.intermediate.manifest "D:\Program Files (x86)\Microsoft Visual Studio 10.0\VC\Include\Manifest\dpiaware.manifest"
         所有输出均为最新。
       LinkEmbedManifest:
         所有输出均为最新。
         FisheyeVideoWarp.vcxproj -> D:\用户目录\我的文档\Visual Studio 2010\Projects\FishVideo\FisheyeVideoWarp\Debug\FisheyeVideoWarp.exe
       FinalizeBuildStatus:
         正在删除文件“Debug\FisheyeVideoWarp.unsuccessfulbuild”。
         正在对“Debug\FisheyeVideoWarp.lastbuildstate”执行 Touch 任务。
     1>已完成生成项目“D:\用户目录\我的文档\Visual Studio 2010\Projects\FishVideo\FisheyeVideoWarp\FisheyeVideoWarp\FisheyeVideoWarp.vcxproj”(build 个目标)的操作。

生成成功。

已用时间 00:00:02.35
